[0m21:40:40.071538 [debug] [MainThread]: Sending event: {'category': 'dbt', 'action': 'invocation', 'label': 'start', 'context': [<snowplow_tracker.self_describing_json.SelfDescribingJson object at 0x00000271802BE650>, <snowplow_tracker.self_describing_json.SelfDescribingJson object at 0x00000271803052D0>, <snowplow_tracker.self_describing_json.SelfDescribingJson object at 0x00000271802BE190>]}


============================== 21:40:40.076540 | 24ccdf7a-2bdc-41cb-bab6-e8810127fc72 ==============================
[0m21:40:40.076540 [info ] [MainThread]: Running with dbt=1.8.9
[0m21:40:40.077539 [debug] [MainThread]: running dbt with arguments {'printer_width': '80', 'indirect_selection': 'eager', 'log_cache_events': 'False', 'write_json': 'True', 'partial_parse': 'True', 'cache_selected_only': 'False', 'warn_error': 'None', 'version_check': 'True', 'debug': 'False', 'log_path': 'logs', 'fail_fast': 'False', 'profiles_dir': 'C:\\Users\\phamd\\.dbt', 'use_colors': 'True', 'use_experimental_parser': 'False', 'empty': 'None', 'quiet': 'False', 'no_print': 'None', 'warn_error_options': 'WarnErrorOptions(include=[], exclude=[])', 'invocation_command': 'dbt init marketing_datamart', 'log_format': 'default', 'static_parser': 'True', 'target_path': 'None', 'introspect': 'True', 'send_anonymous_usage_stats': 'True'}
[0m21:40:40.113450 [debug] [MainThread]: Starter project path: c:\Users\phamd\Desktop\New folder\Optimizing-Marketing-Strategies-Through-Integrated-Data-Pipeline\.venv\Lib\site-packages\dbt\include\starter_project
[0m21:40:40.183548 [info ] [MainThread]: 
Your new dbt project "marketing_datamart" was created!

For more information on how to configure the profiles.yml file,
please consult the dbt documentation here:

  https://docs.getdbt.com/docs/configure-your-profile

One more thing:

Need help? Don't hesitate to reach out to us via GitHub issues or on Slack:

  https://community.getdbt.com/

Happy modeling!

[0m21:40:40.184544 [info ] [MainThread]: Setting up your profile.
[0m21:42:16.811053 [info ] [MainThread]: Profile marketing_datamart written to C:\Users\phamd\.dbt\profiles.yml using target's profile_template.yml and your supplied values. Run 'dbt debug' to validate the connection.
[0m21:42:16.814068 [debug] [MainThread]: Command `dbt init` succeeded at 21:42:16.814068 after 96.83 seconds
[0m21:42:16.816064 [debug] [MainThread]: Sending event: {'category': 'dbt', 'action': 'invocation', 'label': 'end', 'context': [<snowplow_tracker.self_describing_json.SelfDescribingJson object at 0x00000271802EB690>, <snowplow_tracker.self_describing_json.SelfDescribingJson object at 0x00000271F98B4D10>, <snowplow_tracker.self_describing_json.SelfDescribingJson object at 0x00000271FD053A90>]}
[0m21:42:16.817069 [debug] [MainThread]: Flushing usage events
[0m13:10:47.037667 [debug] [MainThread]: Sending event: {'category': 'dbt', 'action': 'invocation', 'label': 'start', 'context': [<snowplow_tracker.self_describing_json.SelfDescribingJson object at 0x0000021440FDFA50>, <snowplow_tracker.self_describing_json.SelfDescribingJson object at 0x0000021440FDEF50>, <snowplow_tracker.self_describing_json.SelfDescribingJson object at 0x0000021440FDEA90>]}


============================== 13:10:47.046504 | 0213a547-17d2-47d2-96d5-d9931dbb8bf7 ==============================
[0m13:10:47.046504 [info ] [MainThread]: Running with dbt=1.8.9
[0m13:10:47.047753 [debug] [MainThread]: running dbt with arguments {'printer_width': '80', 'indirect_selection': 'eager', 'log_cache_events': 'False', 'write_json': 'True', 'partial_parse': 'True', 'cache_selected_only': 'False', 'warn_error': 'None', 'fail_fast': 'False', 'profiles_dir': 'C:\\Users\\phamd\\.dbt', 'log_path': 'logs', 'version_check': 'True', 'debug': 'False', 'use_colors': 'True', 'use_experimental_parser': 'False', 'empty': 'False', 'quiet': 'False', 'no_print': 'None', 'log_format': 'default', 'introspect': 'True', 'warn_error_options': 'WarnErrorOptions(include=[], exclude=[])', 'static_parser': 'True', 'target_path': 'None', 'invocation_command': 'dbt run', 'send_anonymous_usage_stats': 'True'}
[0m13:10:47.048771 [error] [MainThread]: Encountered an error:
Runtime Error
  No dbt_project.yml found at expected path C:\Users\phamd\Desktop\New folder\Optimizing-Marketing-Strategies-Through-Integrated-Data-Pipeline\sources\batch_processing\dbt\dbt_project.yml
  Verify that each entry within packages.yml (and their transitive dependencies) contains a file named dbt_project.yml
  
[0m13:10:47.052767 [debug] [MainThread]: Command `dbt run` failed at 13:10:47.052767 after 0.18 seconds
[0m13:10:47.053764 [debug] [MainThread]: Sending event: {'category': 'dbt', 'action': 'invocation', 'label': 'end', 'context': [<snowplow_tracker.self_describing_json.SelfDescribingJson object at 0x000002144102AE50>, <snowplow_tracker.self_describing_json.SelfDescribingJson object at 0x0000021440D9F810>, <snowplow_tracker.self_describing_json.SelfDescribingJson object at 0x0000021440FD39D0>]}
[0m13:10:47.054781 [debug] [MainThread]: Flushing usage events
